<?xml version="1.0" encoding="UTF-8"?>
<testsuite name="com.example.backend.BackendApplicationTests" tests="1" skipped="0" failures="0" errors="0" timestamp="2025-12-07T23:45:04.834Z" hostname="ENNY-PC" time="0.002">
  <properties/>
  <testcase name="contextLoads()" classname="com.example.backend.BackendApplicationTests" time="0.002"/>
  <system-out><![CDATA[2025-12-07T23:45:02.453Z  INFO 448 --- [backend] [    Test worker] t.c.s.AnnotationConfigContextLoaderUtils : Could not detect default configuration classes for test class [com.example.backend.BackendApplicationTests]: BackendApplicationTests does not declare any static, non-private, non-final, nested classes annotated with @Configuration.
2025-12-07T23:45:02.462Z  INFO 448 --- [backend] [    Test worker] .b.t.c.SpringBootTestContextBootstrapper : Found @SpringBootConfiguration com.example.backend.BackendApplication for test class com.example.backend.BackendApplicationTests

  .   ____          _            __ _ _
 /\\ / ___'_ __ _ _(_)_ __  __ _ \ \ \ \
( ( )\___ | '_ | '_| | '_ \/ _` | \ \ \ \
 \\/  ___)| |_)| | | | | || (_| |  ) ) ) )
  '  |____| .__|_| |_|_| |_\__, | / / / /
 =========|_|==============|___/=/_/_/_/

 :: Spring Boot ::                (v4.0.0)

2025-12-07T23:45:02.498Z  INFO 448 --- [backend] [    Test worker] c.e.backend.BackendApplicationTests      : Starting BackendApplicationTests using Java 21.0.9 with PID 448 (started by Eniola in C:\Users\Eniola\Dev\JavaStuff\backend)
2025-12-07T23:45:02.498Z  INFO 448 --- [backend] [    Test worker] c.e.backend.BackendApplicationTests      : No active profile set, falling back to 1 default profile: "default"
2025-12-07T23:45:02.838Z  INFO 448 --- [backend] [    Test worker] .s.d.r.c.RepositoryConfigurationDelegate : Bootstrapping Spring Data JPA repositories in DEFAULT mode.
2025-12-07T23:45:02.876Z  INFO 448 --- [backend] [    Test worker] .s.d.r.c.RepositoryConfigurationDelegate : Finished Spring Data repository scanning in 29 ms. Found 1 JPA repository interface.
2025-12-07T23:45:03.164Z  INFO 448 --- [backend] [    Test worker] o.hibernate.jpa.internal.util.LogHelper  : HHH000204: Processing PersistenceUnitInfo [name: default]
2025-12-07T23:45:03.229Z  INFO 448 --- [backend] [    Test worker] org.hibernate.Version                    : HHH000412: Hibernate ORM core version 7.1.8.Final
2025-12-07T23:45:03.542Z  INFO 448 --- [backend] [    Test worker] o.s.o.j.p.SpringPersistenceUnitInfo      : No LoadTimeWeaver setup: ignoring JPA class transformer
2025-12-07T23:45:03.574Z  INFO 448 --- [backend] [    Test worker] com.zaxxer.hikari.HikariDataSource       : HikariPool-1 - Starting...
2025-12-07T23:45:03.733Z  INFO 448 --- [backend] [    Test worker] com.zaxxer.hikari.pool.HikariPool        : HikariPool-1 - Added connection org.postgresql.jdbc.PgConnection@2e7dd504
2025-12-07T23:45:03.734Z  INFO 448 --- [backend] [    Test worker] com.zaxxer.hikari.HikariDataSource       : HikariPool-1 - Start completed.
2025-12-07T23:45:03.773Z  WARN 448 --- [backend] [    Test worker] org.hibernate.orm.deprecation            : HHH90000025: PostgreSQLDialect does not need to be specified explicitly using 'hibernate.dialect' (remove the property setting and it will be selected by default)
2025-12-07T23:45:03.793Z  INFO 448 --- [backend] [    Test worker] org.hibernate.orm.connections.pooling    : HHH10001005: Database info:
	Database JDBC URL [jdbc:postgresql://localhost:5432/springbootdb]
	Database driver: PostgreSQL JDBC Driver
	Database dialect: PostgreSQLDialect
	Database version: 17.6
	Default catalog/schema: springbootdb/public
	Autocommit mode: undefined/unknown
	Isolation level: READ_COMMITTED [default READ_COMMITTED]
	JDBC fetch size: none
	Pool: DatasourceConnectionProviderImpl
	Minimum pool size: undefined/unknown
	Maximum pool size: undefined/unknown
2025-12-07T23:45:04.438Z  INFO 448 --- [backend] [    Test worker] o.h.e.t.j.p.i.JtaPlatformInitiator       : HHH000489: No JTA platform available (set 'hibernate.transaction.jta.platform' to enable JTA platform integration)
2025-12-07T23:45:04.488Z  INFO 448 --- [backend] [    Test worker] j.LocalContainerEntityManagerFactoryBean : Initialized JPA EntityManagerFactory for persistence unit 'default'
2025-12-07T23:45:04.565Z  INFO 448 --- [backend] [    Test worker] o.s.d.j.r.query.QueryEnhancerFactories   : Hibernate is in classpath; If applicable, HQL parser will be used.
2025-12-07T23:45:04.656Z  WARN 448 --- [backend] [    Test worker] JpaBaseConfiguration$JpaWebConfiguration : spring.jpa.open-in-view is enabled by default. Therefore, database queries may be performed during view rendering. Explicitly configure spring.jpa.open-in-view to disable this warning
2025-12-07T23:45:04.832Z  INFO 448 --- [backend] [    Test worker] c.e.backend.BackendApplicationTests      : Started BackendApplicationTests in 2.361 seconds (process running for 6.287)
]]></system-out>
  <system-err><![CDATA[]]></system-err>
</testsuite>
