<?xml version="1.0" encoding="UTF-8"?>
<testsuite name="com.example.backend.controllers.TaskControllerTest" tests="7" skipped="0" failures="0" errors="0" timestamp="2025-12-07T23:45:02.110Z" hostname="ENNY-PC" time="0.334">
  <properties/>
  <testcase name="createTask_NoDueDate_ReturnsErrorResponse_400()" classname="com.example.backend.controllers.TaskControllerTest" time="0.26"/>
  <testcase name="createTask_InvalidStatus_ReturnsErrorResponse_400()" classname="com.example.backend.controllers.TaskControllerTest" time="0.014"/>
  <testcase name="createTask_ValidTask_ReturnsSuccessResponse_201()" classname="com.example.backend.controllers.TaskControllerTest" time="0.014"/>
  <testcase name="createTask_NoTitle_ReturnsErrorResponse_400()" classname="com.example.backend.controllers.TaskControllerTest" time="0.008"/>
  <testcase name="createTask_InvalidDueDate_ReturnsErrorResponse_400()" classname="com.example.backend.controllers.TaskControllerTest" time="0.008"/>
  <testcase name="createTask_ValidTask_NoDescription_ReturnsSuccessResponse_201()" classname="com.example.backend.controllers.TaskControllerTest" time="0.008"/>
  <testcase name="createTask_GenericException_ReturnsInternalServerError_500()" classname="com.example.backend.controllers.TaskControllerTest" time="0.008"/>
  <system-out><![CDATA[23:44:59.627 [Test worker] INFO org.springframework.test.context.support.AnnotationConfigContextLoaderUtils -- Could not detect default configuration classes for test class [com.example.backend.controllers.TaskControllerTest]: TaskControllerTest does not declare any static, non-private, non-final, nested classes annotated with @Configuration.
23:44:59.755 [Test worker] INFO org.springframework.boot.test.context.SpringBootTestContextBootstrapper -- Found @SpringBootConfiguration com.example.backend.BackendApplication for test class com.example.backend.controllers.TaskControllerTest

  .   ____          _            __ _ _
 /\\ / ___'_ __ _ _(_)_ __  __ _ \ \ \ \
( ( )\___ | '_ | '_| | '_ \/ _` | \ \ \ \
 \\/  ___)| |_)| | | | | || (_| |  ) ) ) )
  '  |____| .__|_| |_|_| |_\__, | / / / /
 =========|_|==============|___/=/_/_/_/

 :: Spring Boot ::                (v4.0.0)

2025-12-07T23:45:00.139Z  INFO 448 --- [backend] [    Test worker] c.e.b.controllers.TaskControllerTest     : Starting TaskControllerTest using Java 21.0.9 with PID 448 (started by Eniola in C:\Users\Eniola\Dev\JavaStuff\backend)
2025-12-07T23:45:00.141Z  INFO 448 --- [backend] [    Test worker] c.e.b.controllers.TaskControllerTest     : No active profile set, falling back to 1 default profile: "default"
2025-12-07T23:45:02.040Z  INFO 448 --- [backend] [    Test worker] o.s.b.t.m.w.SpringBootMockServletContext : Initializing Spring TestDispatcherServlet ''
2025-12-07T23:45:02.040Z  INFO 448 --- [backend] [    Test worker] o.s.t.web.servlet.TestDispatcherServlet  : Initializing Servlet ''
2025-12-07T23:45:02.046Z  INFO 448 --- [backend] [    Test worker] o.s.t.web.servlet.TestDispatcherServlet  : Completed initialization in 3 ms
2025-12-07T23:45:02.093Z  INFO 448 --- [backend] [    Test worker] c.e.b.controllers.TaskControllerTest     : Started TaskControllerTest in 2.277 seconds (process running for 3.548)
]]></system-out>
  <system-err><![CDATA[Mockito is currently self-attaching to enable the inline-mock-maker. This will no longer work in future releases of the JDK. Please add Mockito as an agent to your build as described in Mockito's documentation: https://javadoc.io/doc/org.mockito/mockito-core/latest/org.mockito/org/mockito/Mockito.html#0.3
WARNING: A Java agent has been loaded dynamically (C:\Users\Eniola\.gradle\caches\modules-2\files-2.1\net.bytebuddy\byte-buddy-agent\1.17.8\f09415827a71be7ed621c7bd02550678f28bc81c\byte-buddy-agent-1.17.8.jar)
WARNING: If a serviceability tool is in use, please run with -XX:+EnableDynamicAgentLoading to hide this warning
WARNING: If a serviceability tool is not in use, please run with -Djdk.instrument.traceUsage for more information
WARNING: Dynamic loading of agents will be disallowed by default in a future release
]]></system-err>
</testsuite>
