<?xml version="1.0" encoding="UTF-8"?>
<testsuite name="com.example.backend.services.TaskServiceTest" tests="6" skipped="0" failures="0" errors="0" timestamp="2025-12-07T23:45:04.842Z" hostname="ENNY-PC" time="0.146">
  <properties/>
  <testcase name="createTask_InvalidStatus_ThrowsInvalidTaskException()" classname="com.example.backend.services.TaskServiceTest" time="0.134"/>
  <testcase name="createTask_NullDescription_ReturnsValidResponse()" classname="com.example.backend.services.TaskServiceTest" time="0.004"/>
  <testcase name="createTask_InvalidDueDate_ThrowsInvalidTaskException()" classname="com.example.backend.services.TaskServiceTest" time="0.002"/>
  <testcase name="createTask_NullTitle_ThrowsInvalidTaskException()" classname="com.example.backend.services.TaskServiceTest" time="0.002"/>
  <testcase name="createTask_NullDueDate_ThrowsInvalidTaskException()" classname="com.example.backend.services.TaskServiceTest" time="0.002"/>
  <testcase name="createTask_ReturnsValidResponse()" classname="com.example.backend.services.TaskServiceTest" time="0.002"/>
  <system-out><![CDATA[]]></system-out>
  <system-err><![CDATA[]]></system-err>
</testsuite>
